<?xml version="1.0" encoding="UTF-8"?>
<!-- Generated by org.testng.reporters.JUnitReportReporter -->
<testsuite skipped="0" hostname="liciouss-MacBook-Air-2.local" name="in.appium.appiumiostest.CancelPayementByBackButtonAndClickOnPOD" tests="1" failures="0" timestamp="17 Jan 2019 13:03:41 GMT" time="354.876" errors="0">
  <testcase name="cancelPayementByBackButtonAndClickOnPODTest" time="354.876" classname="in.appium.appiumiostest.CancelPayementByBackButtonAndClickOnPOD"/>
</testsuite> <!-- in.appium.appiumiostest.CancelPayementByBackButtonAndClickOnPOD -->
