<?xml version="1.0" encoding="UTF-8"?>
<!-- Generated by org.testng.reporters.JUnitReportReporter -->
<testsuite skipped="0" hostname="liciouss-MacBook-Air-2.local" name="in.appium.appiumiostest.NetBanking" tests="1" failures="0" timestamp="07 Jan 2019 08:38:20 GMT" time="250.758" errors="0">
  <testcase name="netBanking" time="250.758" classname="in.appium.appiumiostest.NetBanking"/>
</testsuite> <!-- in.appium.appiumiostest.NetBanking -->
