<?xml version="1.0" encoding="UTF-8"?>
<!-- Generated by org.testng.reporters.JUnitReportReporter -->
<testsuite skipped="0" hostname="liciouss-MacBook-Air-2.local" name="in.appium.appiumiostest.CardPayment" tests="1" failures="0" timestamp="16 Jan 2019 10:43:41 GMT" time="347.865" errors="0">
  <testcase name="DebitcardPaymentTest" time="347.865" classname="in.appium.appiumiostest.CardPayment"/>
</testsuite> <!-- in.appium.appiumiostest.CardPayment -->
