<?xml version="1.0" encoding="UTF-8"?>
<!-- Generated by org.testng.reporters.JUnitReportReporter -->
<testsuite skipped="0" hostname="liciouss-MacBook-Air-2.local" name="in.appium.appiumiostest.OtherWallet" tests="1" failures="0" timestamp="25 Jan 2019 12:34:06 GMT" time="247.412" errors="0">
  <testcase name="otherWalletPaymentTest" time="247.412" classname="in.appium.appiumiostest.OtherWallet"/>
</testsuite> <!-- in.appium.appiumiostest.OtherWallet -->
