<?xml version="1.0" encoding="UTF-8"?>
<!-- Generated by org.testng.reporters.JUnitReportReporter -->
<testsuite hostname="liciouss-MacBook-Air-2.local" name="com.appium.appiumiostest.Appium_TestNG_Sample_One" tests="1" failures="0" timestamp="17 Sep 2018 06:17:05 GMT" time="134.248" errors="0">
  <testcase name="f" time="134.248" classname="com.appium.appiumiostest.Appium_TestNG_Sample_One"/>
</testsuite> <!-- com.appium.appiumiostest.Appium_TestNG_Sample_One -->
