<?xml version="1.0" encoding="UTF-8"?>
<!-- Generated by org.testng.reporters.JUnitReportReporter -->
<testsuite skipped="0" hostname="liciouss-MacBook-Air-2.local" name="in.appium.appiumiostest.CancelPayementByBackButtonAndClickOnBackToCart" tests="1" failures="0" timestamp="17 Jan 2019 12:46:56 GMT" time="390.301" errors="0">
  <testcase name="cancelPayementByBackButtonAndClickOnPODTest" time="390.301" classname="in.appium.appiumiostest.CancelPayementByBackButtonAndClickOnBackToCart"/>
</testsuite> <!-- in.appium.appiumiostest.CancelPayementByBackButtonAndClickOnBackToCart -->
