<?xml version="1.0" encoding="UTF-8"?>
<!-- Generated by org.testng.reporters.JUnitReportReporter -->
<testsuite skipped="0" hostname="liciouss-MacBook-Air-2.local" name="in.appium.appiumiostest.POD_Payment" tests="1" failures="0" timestamp="18 Jan 2019 05:56:43 GMT" time="431.054" errors="0">
  <testcase name="podPaymentTest" time="431.054" classname="in.appium.appiumiostest.POD_Payment"/>
</testsuite> <!-- in.appium.appiumiostest.POD_Payment -->
