<?xml version="1.0" encoding="UTF-8"?>
<!-- Generated by org.testng.reporters.JUnitReportReporter -->
<testsuite skipped="0" hostname="liciouss-MacBook-Air-2.local" name="in.appium.appiumiostest.BigBasket" tests="1" failures="0" timestamp="23 Jan 2019 08:36:36 GMT" time="247.478" errors="0">
  <testcase name="f" time="247.478" classname="in.appium.appiumiostest.BigBasket"/>
</testsuite> <!-- in.appium.appiumiostest.BigBasket -->
