<?xml version="1.0" encoding="UTF-8"?>
<!-- Generated by org.testng.reporters.JUnitReportReporter -->
<testsuite skipped="0" hostname="liciouss-MacBook-Air-2.local" name="in.appium.appiumiostest.FarmRise" tests="1" failures="0" timestamp="21 Jan 2019 17:43:36 GMT" time="348.706" errors="0">
  <testcase name="verifyMoreScreenTest" time="348.706" classname="in.appium.appiumiostest.FarmRise"/>
</testsuite> <!-- in.appium.appiumiostest.FarmRise -->
