<?xml version="1.0" encoding="UTF-8"?>
<!-- Generated by org.testng.reporters.JUnitReportReporter -->
<testsuite skipped="0" hostname="liciouss-MacBook-Air-2.local" name="in.appium.appiumiostest.Appium_Android" tests="1" failures="0" timestamp="14 Jan 2019 07:05:23 GMT" time="205.922" errors="0">
  <testcase name="visa" time="205.922" classname="in.appium.appiumiostest.Appium_Android"/>
</testsuite> <!-- in.appium.appiumiostest.Appium_Android -->
