<?xml version="1.0" encoding="UTF-8"?>
<!-- Generated by org.testng.reporters.JUnitReportReporter -->
<testsuite skipped="0" hostname="liciouss-MacBook-Air-2.local" name="in.appium.appiumiostest.Chicken_Sanity" tests="1" failures="0" timestamp="04 Jan 2019 18:40:11 GMT" time="139.918" errors="0">
  <testcase name="f" time="139.918" classname="in.appium.appiumiostest.Chicken_Sanity"/>
</testsuite> <!-- in.appium.appiumiostest.Chicken_Sanity -->
