<?xml version="1.0" encoding="UTF-8"?>
<!-- Generated by org.testng.reporters.JUnitReportReporter -->
<testsuite skipped="0" hostname="liciouss-MacBook-Air-2.local" name="in.appium.appiumiostest.COD_Payment" tests="1" failures="0" timestamp="18 Jan 2019 06:03:18 GMT" time="367.181" errors="0">
  <testcase name="codPaymentTest" time="367.181" classname="in.appium.appiumiostest.COD_Payment"/>
</testsuite> <!-- in.appium.appiumiostest.COD_Payment -->
