<?xml version="1.0" encoding="UTF-8"?>
<!-- Generated by org.testng.reporters.JUnitReportReporter -->
<testsuite skipped="0" hostname="liciouss-MacBook-Air-2.local" name="CancelPayementByBackButtonAndClickOnBackTOCart" tests="1" failures="0" timestamp="16 Jan 2019 07:16:40 GMT" time="595.376" errors="0">
  <testcase name="cancelPayementByBackButtonAndClickOnBackTOCartTest" time="595.376" classname="CancelPayementByBackButtonAndClickOnBackTOCart"/>
</testsuite> <!-- CancelPayementByBackButtonAndClickOnBackTOCart -->
