<?xml version="1.0" encoding="UTF-8"?>
<!-- Generated by org.testng.reporters.JUnitReportReporter -->
<testsuite skipped="0" hostname="liciouss-MacBook-Air-2.local" name="in.appium.appiumiostest.NetBankingPlusLWFailure" tests="1" failures="0" timestamp="17 Jan 2019 13:25:28 GMT" time="363.671" errors="0">
  <testcase name="netBankingPlusLWFailureTest" time="363.671" classname="in.appium.appiumiostest.NetBankingPlusLWFailure"/>
</testsuite> <!-- in.appium.appiumiostest.NetBankingPlusLWFailure -->
