<?xml version="1.0" encoding="UTF-8"?>
<!-- Generated by org.testng.reporters.JUnitReportReporter -->
<testsuite skipped="0" hostname="liciouss-MacBook-Air-2.local" name="in.appium.appiumiostest.Visa_Payment" tests="1" failures="0" timestamp="18 Jan 2019 06:15:50 GMT" time="364.145" errors="0">
  <testcase name="visaPaymentTest" time="364.145" classname="in.appium.appiumiostest.Visa_Payment"/>
</testsuite> <!-- in.appium.appiumiostest.Visa_Payment -->
