<?xml version="1.0" encoding="UTF-8"?>
<!-- Generated by org.testng.reporters.JUnitReportReporter -->
<testsuite skipped="0" hostname="liciouss-MacBook-Air-2.local" name="in.appium.appiumiostest.NetBankingPlusLWSuccess" tests="1" failures="0" timestamp="17 Jan 2019 13:15:33 GMT" time="352.965" errors="0">
  <testcase name="netBankingPlusLWSuccessTest" time="352.965" classname="in.appium.appiumiostest.NetBankingPlusLWSuccess"/>
</testsuite> <!-- in.appium.appiumiostest.NetBankingPlusLWSuccess -->
