<?xml version="1.0" encoding="UTF-8"?>
<!-- Generated by org.testng.reporters.JUnitReportReporter -->
<testsuite skipped="0" hostname="liciouss-MacBook-Air-2.local" name="in.appium.appiumiostest.DebitCardPayment" tests="1" failures="0" timestamp="25 Jan 2019 13:10:58 GMT" time="485.603" errors="0">
  <testcase name="DebitcardPaymentTest" time="485.603" classname="in.appium.appiumiostest.DebitCardPayment"/>
</testsuite> <!-- in.appium.appiumiostest.DebitCardPayment -->
